> 9	22	Primer(s) generated!
> 8	13	Primer(s) generated!
> 8 9	1	Primer(s) generated!
> 7	6	Primer(s) generated!
> 7 9	0	No primer generated! Will skip 7 9 in the next steps
> 7 8	0	No primer generated! Will skip 7 8 in the next steps
> 6	1	Primer(s) generated!
> 6 9	0	No primer generated! Will skip 6 9 in the next steps
> 6 8	0	No primer generated! Will skip 6 8 in the next steps
> 6 7	0	No primer generated! Will skip 6 7 in the next steps
> 5	1	Primer(s) generated!
> 5 9	0	No primer generated! Will skip 5 9 in the next steps
> 5 8	0	No primer generated! Will skip 5 8 in the next steps
> 5 7	0	No primer generated! Will skip 5 7 in the next steps
> 5 6	0	No primer generated! Will skip 5 6 in the next steps
> 4	6	Primer(s) generated!
> 4 9	0	No primer generated! Will skip 4 9 in the next steps
> 4 8	0	No primer generated! Will skip 4 8 in the next steps
> 4 7	0	No primer generated! Will skip 4 7 in the next steps
> 4 6	0	No primer generated! Will skip 4 6 in the next steps
> 4 5	0	No primer generated! Will skip 4 5 in the next steps
> 3	19	Primer(s) generated!
> 3 9	0	No primer generated! Will skip 3 9 in the next steps
> 3 8	0	No primer generated! Will skip 3 8 in the next steps
> 3 7	0	No primer generated! Will skip 3 7 in the next steps
> 3 6	0	No primer generated! Will skip 3 6 in the next steps
> 3 5	0	No primer generated! Will skip 3 5 in the next steps
> 3 4	0	No primer generated! Will skip 3 4 in the next steps
> 22	0	No primer generated! Will skip 22 in the next steps
> 21	4	Primer(s) generated!
> 21 9	0	No primer generated! Will skip 21 9 in the next steps
> 21 8	0	No primer generated! Will skip 21 8 in the next steps
> 21 7	0	No primer generated! Will skip 21 7 in the next steps
> 21 6	0	No primer generated! Will skip 21 6 in the next steps
> 21 5	0	No primer generated! Will skip 21 5 in the next steps
> 21 4	0	No primer generated! Will skip 21 4 in the next steps
> 21 3	0	No primer generated! Will skip 21 3 in the next steps
> 20	22	Primer(s) generated!
> 20 9	8	Primer(s) generated!
> 20 8	5	Primer(s) generated!
> 20 8 9	0	No primer generated! Will skip 20 8 9 in the next steps
> 20 7	0	No primer generated! Will skip 20 7 in the next steps
> 20 6	0	No primer generated! Will skip 20 6 in the next steps
> 20 5	0	No primer generated! Will skip 20 5 in the next steps
> 20 4	0	No primer generated! Will skip 20 4 in the next steps
> 20 3	0	No primer generated! Will skip 20 3 in the next steps
> 20 21	1	Primer(s) generated!
> 2	11	Primer(s) generated!
> 2 9	0	No primer generated! Will skip 2 9 in the next steps
> 2 8	0	No primer generated! Will skip 2 8 in the next steps
> 2 7	0	No primer generated! Will skip 2 7 in the next steps
> 2 6	0	No primer generated! Will skip 2 6 in the next steps
> 2 5	0	No primer generated! Will skip 2 5 in the next steps
> 2 4	0	No primer generated! Will skip 2 4 in the next steps
> 2 3	0	No primer generated! Will skip 2 3 in the next steps
> 2 21	0	No primer generated! Will skip 2 21 in the next steps
> 2 20	0	No primer generated! Will skip 2 20 in the next steps
> 19	1	Primer(s) generated!
> 19 9	0	No primer generated! Will skip 19 9 in the next steps
> 19 8	1	Primer(s) generated!
> 19 7	0	No primer generated! Will skip 19 7 in the next steps
> 19 6	0	No primer generated! Will skip 19 6 in the next steps
> 19 5	0	No primer generated! Will skip 19 5 in the next steps
> 19 4	0	No primer generated! Will skip 19 4 in the next steps
> 19 3	0	No primer generated! Will skip 19 3 in the next steps
> 19 21	0	No primer generated! Will skip 19 21 in the next steps
> 19 20	1	Primer(s) generated!
> 19 20 8	1	Primer(s) generated!
> 19 2	0	No primer generated! Will skip 19 2 in the next steps
> 18	18	Primer(s) generated!
> 18 9	5	Primer(s) generated!
> 18 8	4	Primer(s) generated!
> 18 8 9	0	No primer generated! Will skip 18 8 9 in the next steps
> 18 7	1	Primer(s) generated!
> 18 6	0	No primer generated! Will skip 18 6 in the next steps
> 18 5	0	No primer generated! Will skip 18 5 in the next steps
> 18 4	0	No primer generated! Will skip 18 4 in the next steps
> 18 3	0	No primer generated! Will skip 18 3 in the next steps
> 18 21	0	No primer generated! Will skip 18 21 in the next steps
> 18 20	14	Primer(s) generated!
> 18 20 9	1	Primer(s) generated!
> 18 20 8	1	Primer(s) generated!
> 18 2	0	No primer generated! Will skip 18 2 in the next steps
> 18 19	0	No primer generated! Will skip 18 19 in the next steps
> 17	25	Primer(s) generated!
> 17 9	11	Primer(s) generated!
> 17 8	13	Primer(s) generated!
> 17 8 9	1	Primer(s) generated!
> 17 7	1	Primer(s) generated!
> 17 6	0	No primer generated! Will skip 17 6 in the next steps
> 17 5	0	No primer generated! Will skip 17 5 in the next steps
> 17 4	0	No primer generated! Will skip 17 4 in the next steps
> 17 3	0	No primer generated! Will skip 17 3 in the next steps
> 17 21	0	No primer generated! Will skip 17 21 in the next steps
> 17 20	19	Primer(s) generated!
> 17 20 9	2	Primer(s) generated!
> 17 20 8	4	Primer(s) generated!
> 17 2	0	No primer generated! Will skip 17 2 in the next steps
> 17 19	1	Primer(s) generated!
> 17 19 8	1	Primer(s) generated!
> 17 19 20	1	Primer(s) generated!
> 17 19 20 8	1	Primer(s) generated!
> 17 18	13	Primer(s) generated!
> 17 18 9	3	Primer(s) generated!
> 17 18 8	4	Primer(s) generated!
> 17 18 7	0	No primer generated! Will skip 17 18 7 in the next steps
> 17 18 20	8	Primer(s) generated!
> 17 18 20 9	0	No primer generated! Will skip 17 18 20 9 in the next steps
> 17 18 20 8	1	Primer(s) generated!
> 16	17	Primer(s) generated!
> 16 9	3	Primer(s) generated!
> 16 8	4	Primer(s) generated!
> 16 8 9	0	No primer generated! Will skip 16 8 9 in the next steps
> 16 7	0	No primer generated! Will skip 16 7 in the next steps
> 16 6	0	No primer generated! Will skip 16 6 in the next steps
> 16 5	0	No primer generated! Will skip 16 5 in the next steps
> 16 4	0	No primer generated! Will skip 16 4 in the next steps
> 16 3	0	No primer generated! Will skip 16 3 in the next steps
> 16 21	0	No primer generated! Will skip 16 21 in the next steps
> 16 20	8	Primer(s) generated!
> 16 20 9	0	No primer generated! Will skip 16 20 9 in the next steps
> 16 20 8	2	Primer(s) generated!
> 16 2	0	No primer generated! Will skip 16 2 in the next steps
> 16 19	0	No primer generated! Will skip 16 19 in the next steps
> 16 18	3	Primer(s) generated!
> 16 18 9	0	No primer generated! Will skip 16 18 9 in the next steps
> 16 18 8	0	No primer generated! Will skip 16 18 8 in the next steps
> 16 18 20	1	Primer(s) generated!
> 16 17	16	Primer(s) generated!
> 16 17 9	1	Primer(s) generated!
> 16 17 8	4	Primer(s) generated!
> 16 17 20	8	Primer(s) generated!
> 16 17 20 8	2	Primer(s) generated!
> 16 17 18	3	Primer(s) generated!
> 16 17 18 20	1	Primer(s) generated!
> 15	1	Primer(s) generated!
> 15 9	0	No primer generated! Will skip 15 9 in the next steps
> 15 8	0	No primer generated! Will skip 15 8 in the next steps
> 15 7	0	No primer generated! Will skip 15 7 in the next steps
> 15 6	0	No primer generated! Will skip 15 6 in the next steps
> 15 5	0	No primer generated! Will skip 15 5 in the next steps
> 15 4	0	No primer generated! Will skip 15 4 in the next steps
> 15 3	0	No primer generated! Will skip 15 3 in the next steps
> 15 21	0	No primer generated! Will skip 15 21 in the next steps
> 15 20	0	No primer generated! Will skip 15 20 in the next steps
> 15 2	0	No primer generated! Will skip 15 2 in the next steps
> 15 19	0	No primer generated! Will skip 15 19 in the next steps
> 15 18	0	No primer generated! Will skip 15 18 in the next steps
> 15 17	0	No primer generated! Will skip 15 17 in the next steps
> 15 16	0	No primer generated! Will skip 15 16 in the next steps
> 14	24	Primer(s) generated!
> 14 9	0	No primer generated! Will skip 14 9 in the next steps
> 14 8	0	No primer generated! Will skip 14 8 in the next steps
> 14 7	0	No primer generated! Will skip 14 7 in the next steps
> 14 6	0	No primer generated! Will skip 14 6 in the next steps
> 14 5	0	No primer generated! Will skip 14 5 in the next steps
> 14 4	0	No primer generated! Will skip 14 4 in the next steps
> 14 3	5	Primer(s) generated!
> 14 21	0	No primer generated! Will skip 14 21 in the next steps
> 14 20	0	No primer generated! Will skip 14 20 in the next steps
> 14 2	2	Primer(s) generated!
> 14 19	0	No primer generated! Will skip 14 19 in the next steps
> 14 18	0	No primer generated! Will skip 14 18 in the next steps
> 14 17	0	No primer generated! Will skip 14 17 in the next steps
> 14 16	0	No primer generated! Will skip 14 16 in the next steps
> 14 15	0	No primer generated! Will skip 14 15 in the next steps
> 13	2	Primer(s) generated!
> 13 9	0	No primer generated! Will skip 13 9 in the next steps
> 13 8	0	No primer generated! Will skip 13 8 in the next steps
> 13 7	0	No primer generated! Will skip 13 7 in the next steps
> 13 6	0	No primer generated! Will skip 13 6 in the next steps
> 13 5	0	No primer generated! Will skip 13 5 in the next steps
> 13 4	0	No primer generated! Will skip 13 4 in the next steps
> 13 3	0	No primer generated! Will skip 13 3 in the next steps
> 13 21	0	No primer generated! Will skip 13 21 in the next steps
> 13 20	0	No primer generated! Will skip 13 20 in the next steps
> 13 2	0	No primer generated! Will skip 13 2 in the next steps
> 13 19	0	No primer generated! Will skip 13 19 in the next steps
> 13 18	0	No primer generated! Will skip 13 18 in the next steps
> 13 17	0	No primer generated! Will skip 13 17 in the next steps
> 13 16	0	No primer generated! Will skip 13 16 in the next steps
> 13 15	0	No primer generated! Will skip 13 15 in the next steps
> 13 14	0	No primer generated! Will skip 13 14 in the next steps
> 12	5	Primer(s) generated!
> 12 9	1	Primer(s) generated!
> 12 8	1	Primer(s) generated!
> 12 8 9	0	No primer generated! Will skip 12 8 9 in the next steps
> 12 7	0	No primer generated! Will skip 12 7 in the next steps
> 12 6	0	No primer generated! Will skip 12 6 in the next steps
> 12 5	0	No primer generated! Will skip 12 5 in the next steps
> 12 4	0	No primer generated! Will skip 12 4 in the next steps
> 12 3	0	No primer generated! Will skip 12 3 in the next steps
> 12 21	0	No primer generated! Will skip 12 21 in the next steps
> 12 20	1	Primer(s) generated!
> 12 20 9	0	No primer generated! Will skip 12 20 9 in the next steps
> 12 20 8	0	No primer generated! Will skip 12 20 8 in the next steps
> 12 2	0	No primer generated! Will skip 12 2 in the next steps
> 12 19	0	No primer generated! Will skip 12 19 in the next steps
> 12 18	1	Primer(s) generated!
> 12 18 9	0	No primer generated! Will skip 12 18 9 in the next steps
> 12 18 8	0	No primer generated! Will skip 12 18 8 in the next steps
> 12 18 20	0	No primer generated! Will skip 12 18 20 in the next steps
> 12 17	2	Primer(s) generated!
> 12 17 9	0	No primer generated! Will skip 12 17 9 in the next steps
> 12 17 8	1	Primer(s) generated!
> 12 17 20	0	No primer generated! Will skip 12 17 20 in the next steps
> 12 17 18	0	No primer generated! Will skip 12 17 18 in the next steps
> 12 16	0	No primer generated! Will skip 12 16 in the next steps
> 12 15	0	No primer generated! Will skip 12 15 in the next steps
> 12 14	0	No primer generated! Will skip 12 14 in the next steps
> 12 13	0	No primer generated! Will skip 12 13 in the next steps
> 11	1	Primer(s) generated!
> 11 9	0	No primer generated! Will skip 11 9 in the next steps
> 11 8	0	No primer generated! Will skip 11 8 in the next steps
> 11 7	0	No primer generated! Will skip 11 7 in the next steps
> 11 6	0	No primer generated! Will skip 11 6 in the next steps
> 11 5	0	No primer generated! Will skip 11 5 in the next steps
> 11 4	0	No primer generated! Will skip 11 4 in the next steps
> 11 3	0	No primer generated! Will skip 11 3 in the next steps
> 11 21	0	No primer generated! Will skip 11 21 in the next steps
> 11 20	0	No primer generated! Will skip 11 20 in the next steps
> 11 2	0	No primer generated! Will skip 11 2 in the next steps
> 11 19	0	No primer generated! Will skip 11 19 in the next steps
> 11 18	0	No primer generated! Will skip 11 18 in the next steps
> 11 17	0	No primer generated! Will skip 11 17 in the next steps
> 11 16	0	No primer generated! Will skip 11 16 in the next steps
> 11 15	0	No primer generated! Will skip 11 15 in the next steps
> 11 14	0	No primer generated! Will skip 11 14 in the next steps
> 11 13	0	No primer generated! Will skip 11 13 in the next steps
> 11 12	0	No primer generated! Will skip 11 12 in the next steps
> 10	22	Primer(s) generated!
> 10 9	10	Primer(s) generated!
> 10 8	6	Primer(s) generated!
> 10 8 9	0	No primer generated! Will skip 10 8 9 in the next steps
> 10 7	1	Primer(s) generated!
> 10 6	0	No primer generated! Will skip 10 6 in the next steps
> 10 5	0	No primer generated! Will skip 10 5 in the next steps
> 10 4	0	No primer generated! Will skip 10 4 in the next steps
> 10 3	0	No primer generated! Will skip 10 3 in the next steps
> 10 21	1	Primer(s) generated!
> 10 20	18	Primer(s) generated!
> 10 20 9	3	Primer(s) generated!
> 10 20 8	2	Primer(s) generated!
> 10 20 21	1	Primer(s) generated!
> 10 2	0	No primer generated! Will skip 10 2 in the next steps
> 10 19	1	Primer(s) generated!
> 10 19 8	1	Primer(s) generated!
> 10 19 20	1	Primer(s) generated!
> 10 19 20 8	1	Primer(s) generated!
> 10 18	12	Primer(s) generated!
> 10 18 9	2	Primer(s) generated!
> 10 18 8	1	Primer(s) generated!
> 10 18 7	0	No primer generated! Will skip 10 18 7 in the next steps
> 10 18 20	10	Primer(s) generated!
> 10 18 20 9	1	Primer(s) generated!
> 10 18 20 8	1	Primer(s) generated!
> 10 17	18	Primer(s) generated!
> 10 17 9	4	Primer(s) generated!
> 10 17 8	4	Primer(s) generated!
> 10 17 7	0	No primer generated! Will skip 10 17 7 in the next steps
> 10 17 20	15	Primer(s) generated!
> 10 17 20 9	1	Primer(s) generated!
> 10 17 20 8	2	Primer(s) generated!
> 10 17 19	1	Primer(s) generated!
> 10 17 19 8	1	Primer(s) generated!
> 10 17 19 20	1	Primer(s) generated!
> 10 17 19 20 8	1	Primer(s) generated!
> 10 17 18	8	Primer(s) generated!
> 10 17 18 9	1	Primer(s) generated!
> 10 17 18 8	1	Primer(s) generated!
> 10 17 18 20	6	Primer(s) generated!
> 10 17 18 20 8	1	Primer(s) generated!
> 10 16	9	Primer(s) generated!
> 10 16 9	0	No primer generated! Will skip 10 16 9 in the next steps
> 10 16 8	2	Primer(s) generated!
> 10 16 20	5	Primer(s) generated!
> 10 16 20 8	0	No primer generated! Will skip 10 16 20 8 in the next steps
> 10 16 18	2	Primer(s) generated!
> 10 16 18 20	1	Primer(s) generated!
> 10 16 17	5	Primer(s) generated!
> 10 16 17 8	2	Primer(s) generated!
> 10 16 17 20	5	Primer(s) generated!
> 10 16 17 18	2	Primer(s) generated!
> 10 16 17 18 20	1	Primer(s) generated!
> 10 15	0	No primer generated! Will skip 10 15 in the next steps
> 10 14	1	Primer(s) generated!
> 10 13	0	No primer generated! Will skip 10 13 in the next steps
> 10 12	2	Primer(s) generated!
> 10 12 9	0	No primer generated! Will skip 10 12 9 in the next steps
> 10 12 8	0	No primer generated! Will skip 10 12 8 in the next steps
> 10 12 20	0	No primer generated! Will skip 10 12 20 in the next steps
> 10 12 18	0	No primer generated! Will skip 10 12 18 in the next steps
> 10 12 17	1	Primer(s) generated!
> 10 11	0	No primer generated! Will skip 10 11 in the next steps
> 1	1	Primer(s) generated!
> 1 9	0	No primer generated! Will skip 1 9 in the next steps
> 1 8	0	No primer generated! Will skip 1 8 in the next steps
> 1 7	0	No primer generated! Will skip 1 7 in the next steps
> 1 6	0	No primer generated! Will skip 1 6 in the next steps
> 1 5	0	No primer generated! Will skip 1 5 in the next steps
> 1 4	0	No primer generated! Will skip 1 4 in the next steps
> 1 3	0	No primer generated! Will skip 1 3 in the next steps
> 1 21	0	No primer generated! Will skip 1 21 in the next steps
> 1 20	0	No primer generated! Will skip 1 20 in the next steps
> 1 2	0	No primer generated! Will skip 1 2 in the next steps
> 1 19	0	No primer generated! Will skip 1 19 in the next steps
> 1 18	0	No primer generated! Will skip 1 18 in the next steps
> 1 17	0	No primer generated! Will skip 1 17 in the next steps
> 1 16	0	No primer generated! Will skip 1 16 in the next steps
> 1 15	0	No primer generated! Will skip 1 15 in the next steps
> 1 14	1	Primer(s) generated!
> 1 13	0	No primer generated! Will skip 1 13 in the next steps
> 1 12	0	No primer generated! Will skip 1 12 in the next steps
> 1 11	0	No primer generated! Will skip 1 11 in the next steps
> 1 10	0	No primer generated! Will skip 1 10 in the next steps
